<?xml version="1.0" encoding="UTF-8"?>
<!-- Generated by org.testng.reporters.JUnitReportReporter -->
<testsuite hostname="DESKTOP-LK9S417" failures="0" tests="1" name="testng.Test_Selenium" time="25.988" errors="0" timestamp="2024-07-20T11:19:46 CST" skipped="0">
  <testcase classname="testng.Test_Selenium" name="f" time="25.988"/>
  <system-out/>
</testsuite> <!-- testng.Test_Selenium -->
